<?xml version="1.0" encoding="UTF-8"?>
<coverage generated="1627430187077" clover="3.2.0">
  <project timestamp="1627430187077" name="All files">
    <metrics statements="26" coveredstatements="23" conditionals="7" coveredconditionals="5" methods="3" coveredmethods="3" elements="36" coveredelements="31" complexity="0" loc="26" ncloc="26" packages="1" files="1" classes="1"/>
    <file name="markov.js" path="/Users/llakes/MEGA/Documents/Coding/Rithm/Rithm_Lectures_Exercises/day27-node intro-jest/node-markov/markov.js">
      <metrics statements="26" coveredstatements="23" conditionals="7" coveredconditionals="5" methods="3" coveredmethods="3"/>
      <line num="11" count="3" type="stmt"/>
      <line num="13" count="3" type="stmt"/>
      <line num="14" count="3" type="stmt"/>
      <line num="24" count="4" type="stmt"/>
      <line num="25" count="4" type="stmt"/>
      <line num="26" count="20" type="cond" truecount="2" falsecount="0"/>
      <line num="27" count="16" type="stmt"/>
      <line num="29" count="20" type="cond" truecount="2" falsecount="0"/>
      <line num="30" count="4" type="stmt"/>
      <line num="32" count="16" type="stmt"/>
      <line num="35" count="4" type="stmt"/>
      <line num="43" count="2" type="stmt"/>
      <line num="44" count="2" type="stmt"/>
      <line num="46" count="2" type="stmt"/>
      <line num="47" count="2" type="stmt"/>
      <line num="49" count="2" type="stmt"/>
      <line num="50" count="2" type="stmt"/>
      <line num="51" count="2" type="stmt"/>
      <line num="52" count="2" type="stmt"/>
      <line num="54" count="2" type="cond" truecount="1" falsecount="1"/>
      <line num="55" count="2" type="stmt"/>
      <line num="57" count="0" type="stmt"/>
      <line num="60" count="0" type="stmt"/>
      <line num="61" count="0" type="stmt"/>
      <line num="63" count="2" type="stmt"/>
      <line num="69" count="1" type="stmt"/>
    </file>
  </project>
</coverage>
