{"/Users/serena/Documents/rithm/week6/day27/node-markov/markov.js": {"path":"/Users/serena/Documents/rithm/week6/day27/node-markov/markov.js","statementMap":{"0":{"start":{"line":11,"column":16},"end":{"line":11,"column":38}},"1":{"start":{"line":13,"column":4},"end":{"line":13,"column":23}},"2":{"start":{"line":14,"column":4},"end":{"line":14,"column":39}},"3":{"start":{"line":24,"column":19},"end":{"line":24,"column":21}},"4":{"start":{"line":25,"column":4},"end":{"line":34,"column":5}},"5":{"start":{"line":25,"column":17},"end":{"line":25,"column":18}},"6":{"start":{"line":26,"column":8},"end":{"line":28,"column":9}},"7":{"start":{"line":27,"column":12},"end":{"line":27,"column":39}},"8":{"start":{"line":29,"column":8},"end":{"line":33,"column":9}},"9":{"start":{"line":30,"column":12},"end":{"line":30,"column":45}},"10":{"start":{"line":32,"column":12},"end":{"line":32,"column":58}},"11":{"start":{"line":35,"column":4},"end":{"line":35,"column":18}},"12":{"start":{"line":43,"column":34},"end":{"line":43,"column":81}},"13":{"start":{"line":44,"column":29},"end":{"line":44,"column":64}},"14":{"start":{"line":46,"column":15},"end":{"line":46,"column":33}},"15":{"start":{"line":47,"column":16},"end":{"line":47,"column":17}},"16":{"start":{"line":49,"column":4},"end":{"line":62,"column":31}},"17":{"start":{"line":50,"column":22},"end":{"line":50,"column":56}},"18":{"start":{"line":51,"column":32},"end":{"line":51,"column":78}},"19":{"start":{"line":52,"column":6},"end":{"line":52,"column":79}},"20":{"start":{"line":54,"column":6},"end":{"line":58,"column":7}},"21":{"start":{"line":55,"column":8},"end":{"line":55,"column":14}},"22":{"start":{"line":57,"column":8},"end":{"line":57,"column":37}},"23":{"start":{"line":60,"column":6},"end":{"line":60,"column":14}},"24":{"start":{"line":61,"column":6},"end":{"line":61,"column":42}},"25":{"start":{"line":63,"column":4},"end":{"line":63,"column":16}},"26":{"start":{"line":69,"column":0},"end":{"line":69,"column":35}}},"fnMap":{"0":{"name":"(anonymous_0)","decl":{"start":{"line":8,"column":2},"end":{"line":8,"column":3}},"loc":{"start":{"line":8,"column":20},"end":{"line":15,"column":3}},"line":8},"1":{"name":"(anonymous_1)","decl":{"start":{"line":22,"column":2},"end":{"line":22,"column":3}},"loc":{"start":{"line":22,"column":15},"end":{"line":36,"column":3}},"line":22},"2":{"name":"(anonymous_2)","decl":{"start":{"line":41,"column":2},"end":{"line":41,"column":3}},"loc":{"start":{"line":41,"column":26},"end":{"line":64,"column":3}},"line":41}},"branchMap":{"0":{"loc":{"start":{"line":26,"column":8},"end":{"line":28,"column":9}},"type":"if","locations":[{"start":{"line":26,"column":8},"end":{"line":28,"column":9}},{"start":{"line":26,"column":8},"end":{"line":28,"column":9}}],"line":26},"1":{"loc":{"start":{"line":29,"column":8},"end":{"line":33,"column":9}},"type":"if","locations":[{"start":{"line":29,"column":8},"end":{"line":33,"column":9}},{"start":{"line":29,"column":8},"end":{"line":33,"column":9}}],"line":29},"2":{"loc":{"start":{"line":41,"column":10},"end":{"line":41,"column":24}},"type":"default-arg","locations":[{"start":{"line":41,"column":21},"end":{"line":41,"column":24}}],"line":41},"3":{"loc":{"start":{"line":54,"column":6},"end":{"line":58,"column":7}},"type":"if","locations":[{"start":{"line":54,"column":6},"end":{"line":58,"column":7}},{"start":{"line":54,"column":6},"end":{"line":58,"column":7}}],"line":54}},"s":{"0":3,"1":3,"2":3,"3":4,"4":4,"5":4,"6":20,"7":16,"8":20,"9":4,"10":16,"11":4,"12":2,"13":2,"14":2,"15":2,"16":2,"17":11,"18":11,"19":11,"20":11,"21":2,"22":9,"23":9,"24":9,"25":2,"26":1},"f":{"0":3,"1":4,"2":2},"b":{"0":[16,4],"1":[4,16],"2":[0],"3":[2,9]},"_coverageSchema":"1a1c01bbd47fc00a2c39e90264f33305004495a9","hash":"c8dbe3ea297a7cbb4f932d832b614221544fa16f"}
}
