TN:
SF:markov.js
FN:8,(anonymous_0)
FN:22,(anonymous_1)
FN:41,(anonymous_2)
FNF:3
FNH:3
FNDA:3,(anonymous_0)
FNDA:4,(anonymous_1)
FNDA:2,(anonymous_2)
DA:11,3
DA:13,3
DA:14,3
DA:24,4
DA:25,4
DA:26,20
DA:27,16
DA:29,20
DA:30,4
DA:32,16
DA:35,4
DA:43,2
DA:44,2
DA:46,2
DA:47,2
DA:49,2
DA:50,11
DA:51,11
DA:52,11
DA:54,11
DA:55,2
DA:57,9
DA:60,9
DA:61,9
DA:63,2
DA:69,1
LF:26
LH:26
BRDA:26,0,0,16
BRDA:26,0,1,4
BRDA:29,1,0,4
BRDA:29,1,1,16
BRDA:41,2,0,0
BRDA:54,3,0,2
BRDA:54,3,1,9
BRF:7
BRH:6
end_of_record
